Using pre-set license
Built from '2020.3/staging' branch; Version is '2020.3.8f1 (507919d4fff5) revision 5273881'; Using compiler version '192528614'; Build Type 'Release'
OS: 'Windows 10 Home; OS build 19043.1415; Version 2009; 64bit' Language: 'en' Physical Memory: 12186 MB
BatchMode: 1, IsHumanControllingUs: 0, StartBugReporterOnCrash: 0, Is64bit: 1, IsPro: 0

 COMMAND LINE ARGUMENTS:
C:\Program Files\Unity\Hub\Editor\2020.3.8f1\Editor\Unity.exe
-adb2
-batchMode
-noUpm
-name
AssetImportWorker0
-projectPath
C:/Users/Sabrina/Desktop/Create with Code - SP/CWC2 Git/Be-Brave
-logFile
Logs/AssetImportWorker0.log
-srvPort
49447
Successfully changed project path to: C:/Users/Sabrina/Desktop/Create with Code - SP/CWC2 Git/Be-Brave
C:/Users/Sabrina/Desktop/Create with Code - SP/CWC2 Git/Be-Brave
Using Asset Import Pipeline V2.
Refreshing native plugins compatible for Editor in 27.96 ms, found 0 plugins.
Preloading 0 native plugins for Editor in 0.00 ms.
Initialize engine version: 2020.3.8f1 (507919d4fff5)
[Subsystems] Discovering subsystems at path C:/Program Files/Unity/Hub/Editor/2020.3.8f1/Editor/Data/Resources/UnitySubsystems
[Subsystems] Discovering subsystems at path C:/Users/Sabrina/Desktop/Create with Code - SP/CWC2 Git/Be-Brave/Assets
GfxDevice: creating device client; threaded=0
Direct3D:
    Version:  Direct3D 11.0 [level 11.0]
    Renderer: NVIDIA GeForce GTX 950M (ID=0x139a)
    Vendor:   
    VRAM:     4055 MB
    Driver:   27.21.14.6140
Initialize mono
Mono path[0] = 'C:/Program Files/Unity/Hub/Editor/2020.3.8f1/Editor/Data/Managed'
Mono path[1] = 'C:/Program Files/Unity/Hub/Editor/2020.3.8f1/Editor/Data/MonoBleedingEdge/lib/mono/unityjit'
Mono config path = 'C:/Program Files/Unity/Hub/Editor/2020.3.8f1/Editor/Data/MonoBleedingEdge/etc'
Using monoOptions --debugger-agent=transport=dt_socket,embedding=1,server=y,suspend=n,address=127.0.0.1:56040
Begin MonoManager ReloadAssembly
Registering precompiled unity dll's ...
Register platform support module: C:/Program Files/Unity/Hub/Editor/2020.3.8f1/Editor/Data/PlaybackEngines/WebGLSupport/UnityEditor.WebGL.Extensions.dll
Register platform support module: C:/Program Files/Unity/Hub/Editor/2020.3.8f1/Editor/Data/PlaybackEngines/WindowsStandaloneSupport/UnityEditor.WindowsStandalone.Extensions.dll
Registered in 0.003051 seconds.
Native extension for WindowsStandalone target not found
Native extension for WebGL target not found
Refreshing native plugins compatible for Editor in 26.60 ms, found 0 plugins.
Preloading 0 native plugins for Editor in 0.00 ms.
Mono: successfully reloaded assembly
- Completed reload, in  1.424 seconds
Platform modules already initialized, skipping
Registering precompiled user dll's ...
Registered in 0.000892 seconds.
Begin MonoManager ReloadAssembly
Native extension for WindowsStandalone target not found
Native extension for WebGL target not found
Refreshing native plugins compatible for Editor in 0.23 ms, found 0 plugins.
Preloading 0 native plugins for Editor in 0.00 ms.
Mono: successfully reloaded assembly
- Completed reload, in  0.953 seconds
Platform modules already initialized, skipping
========================================================================
Worker process is ready to serve import requests
Launched and connected shader compiler UnityShaderCompiler.exe after 0.05 seconds
Refreshing native plugins compatible for Editor in 0.26 ms, found 0 plugins.
Preloading 0 native plugins for Editor in 0.00 ms.
Unloading 1240 Unused Serialized files (Serialized files now loaded: 0)
System memory in use before: 65.8 MB.
System memory in use after: 65.8 MB.

Unloading 10 unused Assets to reduce memory usage. Loaded Objects now: 1684.
Total: 1.827800 ms (FindLiveObjects: 0.124700 ms CreateObjectMapping: 0.037500 ms MarkObjects: 1.532600 ms  DeleteObjects: 0.132100 ms)

========================================================================
Received Import Request.
  path: Assets/Materials/cavebackground.mat
  artifactKey: Guid(04ec1f52e6868f6499f3fb05acd17f97) Importer(815301076,1909f56bfc062723c751e8b465ee728b)
Start importing Assets/Materials/cavebackground.mat using Guid(04ec1f52e6868f6499f3fb05acd17f97) Importer(815301076,1909f56bfc062723c751e8b465ee728b)  -> (artifact id: '970090bc7f8e61f36e88f539b17ab6e9') in 0.200021 seconds
  Import took 0.220472 seconds .

========================================================================
Received Import Request.
  Time since last request: 0.009938 seconds.
  path: Assets/Materials/Materials/texture 2.mat
  artifactKey: Guid(3d3d387f4e8858e41b7bb54563fe0eb0) Importer(815301076,1909f56bfc062723c751e8b465ee728b)
Start importing Assets/Materials/Materials/texture 2.mat using Guid(3d3d387f4e8858e41b7bb54563fe0eb0) Importer(815301076,1909f56bfc062723c751e8b465ee728b)  -> (artifact id: 'f56b3cf211ff0af4dde08dca8fdaa2fb') in 0.088818 seconds
  Import took 0.116664 seconds .

========================================================================
Received Import Request.
  Time since last request: 0.025011 seconds.
  path: Assets/Materials/Materials/texture 4.mat
  artifactKey: Guid(275ecd936302ff449a6d990a0c470f45) Importer(815301076,1909f56bfc062723c751e8b465ee728b)
Start importing Assets/Materials/Materials/texture 4.mat using Guid(275ecd936302ff449a6d990a0c470f45) Importer(815301076,1909f56bfc062723c751e8b465ee728b)  -> (artifact id: '087c4a0e49f10a0602d456a20bbf6de6') in 0.031886 seconds
  Import took 0.034372 seconds .

========================================================================
Received Import Request.
  Time since last request: 0.054309 seconds.
  path: Assets/Scenes/SampleScene_Profiles/Main Camera Profile.asset
  artifactKey: Guid(8baf7e71568b6294881c81bd5edcc206) Importer(815301076,1909f56bfc062723c751e8b465ee728b)
Start importing Assets/Scenes/SampleScene_Profiles/Main Camera Profile.asset using Guid(8baf7e71568b6294881c81bd5edcc206) Importer(815301076,1909f56bfc062723c751e8b465ee728b)  -> (artifact id: '56fffa4aee29315d5f9b49048a1e580e') in 0.026936 seconds
  Import took 0.046676 seconds .

========================================================================
Received Import Request.
  Time since last request: 0.088510 seconds.
  path: Assets/Scenes/SampleScene.unity
  artifactKey: Guid(9fc0d4010bbf28b4594072e72b8655ab) Importer(815301076,1909f56bfc062723c751e8b465ee728b)
Start importing Assets/Scenes/SampleScene.unity using Guid(9fc0d4010bbf28b4594072e72b8655ab) Importer(815301076,1909f56bfc062723c751e8b465ee728b)  -> (artifact id: '8cfe752aa62855a832e725b841617fbd') in 0.003770 seconds
  Import took 0.005841 seconds .

========================================================================
Received Import Request.
  Time since last request: 0.076936 seconds.
  path: Assets/Scripts/RepeatBackground2.cs
  artifactKey: Guid(848c635def7b2284780da23cac2e8e8e) Importer(815301076,1909f56bfc062723c751e8b465ee728b)
Start importing Assets/Scripts/RepeatBackground2.cs using Guid(848c635def7b2284780da23cac2e8e8e) Importer(815301076,1909f56bfc062723c751e8b465ee728b)  -> (artifact id: '4167b98f1a91ceb2683b38d5bb428d51') in 0.005708 seconds
  Import took 0.007884 seconds .

========================================================================
Received Import Request.
  Time since last request: 0.024281 seconds.
  path: Assets/Materials/Materials
  artifactKey: Guid(0de3b8b3d4555384ba3ca037ea38bee7) Importer(815301076,1909f56bfc062723c751e8b465ee728b)
Start importing Assets/Materials/Materials using Guid(0de3b8b3d4555384ba3ca037ea38bee7) Importer(815301076,1909f56bfc062723c751e8b465ee728b)  -> (artifact id: 'd9a4b2344bd92a90146e6a6c0f33edd8') in 0.035479 seconds
  Import took 0.058690 seconds .

========================================================================
Received Import Request.
  Time since last request: 0.015174 seconds.
  path: Assets/Scripts/RepeatBackground.cs
  artifactKey: Guid(06fed0246bf0a184e945c5dbec7c2679) Importer(815301076,1909f56bfc062723c751e8b465ee728b)
Start importing Assets/Scripts/RepeatBackground.cs using Guid(06fed0246bf0a184e945c5dbec7c2679) Importer(815301076,1909f56bfc062723c751e8b465ee728b)  -> (artifact id: '3b98f6eda196a155087ae9ed2d86badb') in 0.003230 seconds
  Import took 0.005328 seconds .

========================================================================
Received Import Request.
  Time since last request: 0.008305 seconds.
  path: Assets/Materials/PlayerTexture.mat
  artifactKey: Guid(bfcaddc4ed33bb64eac104771c93a8f3) Importer(815301076,1909f56bfc062723c751e8b465ee728b)
Start importing Assets/Materials/PlayerTexture.mat using Guid(bfcaddc4ed33bb64eac104771c93a8f3) Importer(815301076,1909f56bfc062723c751e8b465ee728b)  -> (artifact id: '9dab3838573b8e33047e7fd6ff44f615') in 0.015612 seconds
  Import took 0.018321 seconds .

========================================================================
Received Import Request.
  Time since last request: 0.016469 seconds.
  path: Assets/Materials/Materials/texture 3.mat
  artifactKey: Guid(3d90679da947f8541a84339be7cb39bd) Importer(815301076,1909f56bfc062723c751e8b465ee728b)
Start importing Assets/Materials/Materials/texture 3.mat using Guid(3d90679da947f8541a84339be7cb39bd) Importer(815301076,1909f56bfc062723c751e8b465ee728b)  -> (artifact id: 'bdc6a22f49699f9b29da5e3aad6d3b79') in 0.017314 seconds
  Import took 0.020554 seconds .

========================================================================
Received Prepare
Registering precompiled user dll's ...
Registered in 0.001052 seconds.
Begin MonoManager ReloadAssembly
Native extension for WindowsStandalone target not found
Native extension for WebGL target not found
Refreshing native plugins compatible for Editor in 0.26 ms, found 0 plugins.
Preloading 0 native plugins for Editor in 0.00 ms.
Mono: successfully reloaded assembly
- Completed reload, in  0.985 seconds
Platform modules already initialized, skipping
Refreshing native plugins compatible for Editor in 0.26 ms, found 0 plugins.
Preloading 0 native plugins for Editor in 0.00 ms.
Unloading 1208 Unused Serialized files (Serialized files now loaded: 0)
System memory in use before: 66.4 MB.
System memory in use after: 66.5 MB.

Unloading 5 unused Assets to reduce memory usage. Loaded Objects now: 1727.
Total: 1.875100 ms (FindLiveObjects: 0.123100 ms CreateObjectMapping: 0.034500 ms MarkObjects: 1.650800 ms  DeleteObjects: 0.065800 ms)

========================================================================
Received Prepare
Registering precompiled user dll's ...
Registered in 0.001476 seconds.
Begin MonoManager ReloadAssembly
Native extension for WindowsStandalone target not found
Native extension for WebGL target not found
Refreshing native plugins compatible for Editor in 0.37 ms, found 0 plugins.
Preloading 0 native plugins for Editor in 0.00 ms.
Mono: successfully reloaded assembly
- Completed reload, in  1.012 seconds
Platform modules already initialized, skipping
Refreshing native plugins compatible for Editor in 0.26 ms, found 0 plugins.
Preloading 0 native plugins for Editor in 0.00 ms.
Unloading 1208 Unused Serialized files (Serialized files now loaded: 0)
System memory in use before: 66.4 MB.
System memory in use after: 66.5 MB.

Unloading 5 unused Assets to reduce memory usage. Loaded Objects now: 1730.
Total: 1.980700 ms (FindLiveObjects: 0.127500 ms CreateObjectMapping: 0.038700 ms MarkObjects: 1.728800 ms  DeleteObjects: 0.084700 ms)

========================================================================
Received Import Request.
  Time since last request: 1009.813372 seconds.
  path: Assets/Scripts/RepeatBackground.cs
  artifactKey: Guid(06fed0246bf0a184e945c5dbec7c2679) Importer(815301076,1909f56bfc062723c751e8b465ee728b)
Start importing Assets/Scripts/RepeatBackground.cs using Guid(06fed0246bf0a184e945c5dbec7c2679) Importer(815301076,1909f56bfc062723c751e8b465ee728b)  -> (artifact id: '5ff93f8aa40ebb485012daddb2b514a3') in 0.005172 seconds
  Import took 0.007229 seconds .

========================================================================
Received Prepare
Registering precompiled user dll's ...
Registered in 0.000873 seconds.
Begin MonoManager ReloadAssembly
Native extension for WindowsStandalone target not found
Native extension for WebGL target not found
Refreshing native plugins compatible for Editor in 0.24 ms, found 0 plugins.
Preloading 0 native plugins for Editor in 0.00 ms.
Mono: successfully reloaded assembly
- Completed reload, in  0.931 seconds
Platform modules already initialized, skipping
Refreshing native plugins compatible for Editor in 0.25 ms, found 0 plugins.
Preloading 0 native plugins for Editor in 0.00 ms.
Unloading 1208 Unused Serialized files (Serialized files now loaded: 0)
System memory in use before: 66.5 MB.
System memory in use after: 66.5 MB.

Unloading 5 unused Assets to reduce memory usage. Loaded Objects now: 1733.
Total: 2.378600 ms (FindLiveObjects: 0.180400 ms CreateObjectMapping: 0.072700 ms MarkObjects: 2.038100 ms  DeleteObjects: 0.086300 ms)

========================================================================
Received Import Request.
  Time since last request: 71.323890 seconds.
  path: Assets/Scripts/RepeatBackground2.cs
  artifactKey: Guid(848c635def7b2284780da23cac2e8e8e) Importer(815301076,1909f56bfc062723c751e8b465ee728b)
Start importing Assets/Scripts/RepeatBackground2.cs using Guid(848c635def7b2284780da23cac2e8e8e) Importer(815301076,1909f56bfc062723c751e8b465ee728b)  -> (artifact id: '1cec54c3a11d82d476a88aedfac827ea') in 0.004489 seconds
  Import took 0.021637 seconds .

========================================================================
Received Prepare
Registering precompiled user dll's ...
Registered in 0.001065 seconds.
Begin MonoManager ReloadAssembly
Native extension for WindowsStandalone target not found
Native extension for WebGL target not found
Refreshing native plugins compatible for Editor in 0.24 ms, found 0 plugins.
Preloading 0 native plugins for Editor in 0.00 ms.
Mono: successfully reloaded assembly
- Completed reload, in  1.010 seconds
Platform modules already initialized, skipping
Refreshing native plugins compatible for Editor in 0.25 ms, found 0 plugins.
Preloading 0 native plugins for Editor in 0.00 ms.
Unloading 1208 Unused Serialized files (Serialized files now loaded: 0)
System memory in use before: 66.5 MB.
System memory in use after: 66.5 MB.

Unloading 5 unused Assets to reduce memory usage. Loaded Objects now: 1736.
Total: 2.068400 ms (FindLiveObjects: 0.143800 ms CreateObjectMapping: 0.038500 ms MarkObjects: 1.798700 ms  DeleteObjects: 0.086600 ms)

========================================================================
Received Import Request.
  Time since last request: 56.298109 seconds.
  path: Assets/Scripts/RepeatBackground2.cs
  artifactKey: Guid(848c635def7b2284780da23cac2e8e8e) Importer(815301076,1909f56bfc062723c751e8b465ee728b)
Start importing Assets/Scripts/RepeatBackground2.cs using Guid(848c635def7b2284780da23cac2e8e8e) Importer(815301076,1909f56bfc062723c751e8b465ee728b)  -> (artifact id: '561ab4dbfb5ed5dd430fc5c49a257c40') in 0.004976 seconds
  Import took 0.007550 seconds .

========================================================================
Received Prepare
Registering precompiled user dll's ...
Registered in 0.001323 seconds.
Begin MonoManager ReloadAssembly
Native extension for WindowsStandalone target not found
Native extension for WebGL target not found
Refreshing native plugins compatible for Editor in 0.25 ms, found 0 plugins.
Preloading 0 native plugins for Editor in 0.00 ms.
Mono: successfully reloaded assembly
- Completed reload, in  1.019 seconds
Platform modules already initialized, skipping
Refreshing native plugins compatible for Editor in 0.30 ms, found 0 plugins.
Preloading 0 native plugins for Editor in 0.00 ms.
Unloading 1208 Unused Serialized files (Serialized files now loaded: 0)
System memory in use before: 66.5 MB.
System memory in use after: 66.5 MB.

Unloading 5 unused Assets to reduce memory usage. Loaded Objects now: 1739.
Total: 1.959100 ms (FindLiveObjects: 0.132000 ms CreateObjectMapping: 0.039100 ms MarkObjects: 1.700600 ms  DeleteObjects: 0.086600 ms)

========================================================================
Received Prepare
Registering precompiled user dll's ...
Registered in 0.000904 seconds.
Begin MonoManager ReloadAssembly
Native extension for WindowsStandalone target not found
Native extension for WebGL target not found
Refreshing native plugins compatible for Editor in 0.71 ms, found 0 plugins.
Preloading 0 native plugins for Editor in 0.00 ms.
Mono: successfully reloaded assembly
- Completed reload, in  0.973 seconds
Platform modules already initialized, skipping
Refreshing native plugins compatible for Editor in 0.30 ms, found 0 plugins.
Preloading 0 native plugins for Editor in 0.00 ms.
Unloading 1208 Unused Serialized files (Serialized files now loaded: 0)
System memory in use before: 66.5 MB.
System memory in use after: 66.6 MB.

Unloading 5 unused Assets to reduce memory usage. Loaded Objects now: 1742.
Total: 2.385200 ms (FindLiveObjects: 0.139500 ms CreateObjectMapping: 0.040500 ms MarkObjects: 2.050000 ms  DeleteObjects: 0.153900 ms)

========================================================================
Received Prepare
Registering precompiled user dll's ...
Registered in 0.001593 seconds.
Begin MonoManager ReloadAssembly
Native extension for WindowsStandalone target not found
Native extension for WebGL target not found
Refreshing native plugins compatible for Editor in 0.23 ms, found 0 plugins.
Preloading 0 native plugins for Editor in 0.00 ms.
Mono: successfully reloaded assembly
- Completed reload, in  1.036 seconds
Platform modules already initialized, skipping
Refreshing native plugins compatible for Editor in 0.27 ms, found 0 plugins.
Preloading 0 native plugins for Editor in 0.00 ms.
Unloading 1208 Unused Serialized files (Serialized files now loaded: 0)
System memory in use before: 66.5 MB.
System memory in use after: 66.6 MB.

Unloading 5 unused Assets to reduce memory usage. Loaded Objects now: 1745.
Total: 2.007900 ms (FindLiveObjects: 0.127000 ms CreateObjectMapping: 0.037500 ms MarkObjects: 1.739300 ms  DeleteObjects: 0.103100 ms)

========================================================================
Received Prepare
Registering precompiled user dll's ...
Registered in 0.000872 seconds.
Begin MonoManager ReloadAssembly
Native extension for WindowsStandalone target not found
Native extension for WebGL target not found
Refreshing native plugins compatible for Editor in 0.27 ms, found 0 plugins.
Preloading 0 native plugins for Editor in 0.00 ms.
Mono: successfully reloaded assembly
- Completed reload, in  1.123 seconds
Platform modules already initialized, skipping
Refreshing native plugins compatible for Editor in 0.38 ms, found 0 plugins.
Preloading 0 native plugins for Editor in 0.00 ms.
Unloading 1208 Unused Serialized files (Serialized files now loaded: 0)
System memory in use before: 66.5 MB.
System memory in use after: 66.6 MB.

Unloading 5 unused Assets to reduce memory usage. Loaded Objects now: 1748.
Total: 2.212800 ms (FindLiveObjects: 0.167000 ms CreateObjectMapping: 0.036400 ms MarkObjects: 1.910200 ms  DeleteObjects: 0.098100 ms)

========================================================================
Received Prepare
Registering precompiled user dll's ...
Registered in 0.000866 seconds.
Begin MonoManager ReloadAssembly
Native extension for WindowsStandalone target not found
Native extension for WebGL target not found
Refreshing native plugins compatible for Editor in 0.31 ms, found 0 plugins.
Preloading 0 native plugins for Editor in 0.00 ms.
Mono: successfully reloaded assembly
- Completed reload, in  1.003 seconds
Platform modules already initialized, skipping
Refreshing native plugins compatible for Editor in 0.28 ms, found 0 plugins.
Preloading 0 native plugins for Editor in 0.00 ms.
Unloading 1208 Unused Serialized files (Serialized files now loaded: 0)
System memory in use before: 66.5 MB.
System memory in use after: 66.6 MB.

Unloading 5 unused Assets to reduce memory usage. Loaded Objects now: 1751.
Total: 2.100000 ms (FindLiveObjects: 0.142500 ms CreateObjectMapping: 0.035700 ms MarkObjects: 1.853500 ms  DeleteObjects: 0.067500 ms)

========================================================================
Received Prepare
Registering precompiled user dll's ...
Registered in 0.001477 seconds.
Begin MonoManager ReloadAssembly
Native extension for WindowsStandalone target not found
Native extension for WebGL target not found
Refreshing native plugins compatible for Editor in 0.32 ms, found 0 plugins.
Preloading 0 native plugins for Editor in 0.00 ms.
Mono: successfully reloaded assembly
- Completed reload, in  0.994 seconds
Platform modules already initialized, skipping
Refreshing native plugins compatible for Editor in 0.33 ms, found 0 plugins.
Preloading 0 native plugins for Editor in 0.00 ms.
Unloading 1208 Unused Serialized files (Serialized files now loaded: 0)
System memory in use before: 66.5 MB.
System memory in use after: 66.6 MB.

Unloading 5 unused Assets to reduce memory usage. Loaded Objects now: 1754.
Total: 1.944500 ms (FindLiveObjects: 0.148100 ms CreateObjectMapping: 0.037500 ms MarkObjects: 1.670100 ms  DeleteObjects: 0.087900 ms)

========================================================================
Received Prepare
Registering precompiled user dll's ...
Registered in 0.000870 seconds.
Begin MonoManager ReloadAssembly
Native extension for WindowsStandalone target not found
Native extension for WebGL target not found
Refreshing native plugins compatible for Editor in 0.24 ms, found 0 plugins.
Preloading 0 native plugins for Editor in 0.00 ms.
Mono: successfully reloaded assembly
- Completed reload, in  0.972 seconds
Platform modules already initialized, skipping
Refreshing native plugins compatible for Editor in 0.28 ms, found 0 plugins.
Preloading 0 native plugins for Editor in 0.00 ms.
Unloading 1208 Unused Serialized files (Serialized files now loaded: 0)
System memory in use before: 66.5 MB.
System memory in use after: 66.6 MB.

Unloading 5 unused Assets to reduce memory usage. Loaded Objects now: 1757.
Total: 2.029300 ms (FindLiveObjects: 0.124100 ms CreateObjectMapping: 0.033500 ms MarkObjects: 1.822700 ms  DeleteObjects: 0.048200 ms)

========================================================================
Received Prepare
Registering precompiled user dll's ...
Registered in 0.001537 seconds.
Begin MonoManager ReloadAssembly
Native extension for WindowsStandalone target not found
Native extension for WebGL target not found
Refreshing native plugins compatible for Editor in 0.23 ms, found 0 plugins.
Preloading 0 native plugins for Editor in 0.00 ms.
Mono: successfully reloaded assembly
- Completed reload, in  1.047 seconds
Platform modules already initialized, skipping
Refreshing native plugins compatible for Editor in 0.36 ms, found 0 plugins.
Preloading 0 native plugins for Editor in 0.00 ms.
Unloading 1208 Unused Serialized files (Serialized files now loaded: 0)
System memory in use before: 66.5 MB.
System memory in use after: 66.6 MB.

Unloading 5 unused Assets to reduce memory usage. Loaded Objects now: 1760.
Total: 2.113000 ms (FindLiveObjects: 0.143500 ms CreateObjectMapping: 0.036600 ms MarkObjects: 1.842800 ms  DeleteObjects: 0.089100 ms)

========================================================================
Received Prepare
Registering precompiled user dll's ...
Registered in 0.001000 seconds.
Begin MonoManager ReloadAssembly
Native extension for WindowsStandalone target not found
Native extension for WebGL target not found
Refreshing native plugins compatible for Editor in 0.29 ms, found 0 plugins.
Preloading 0 native plugins for Editor in 0.00 ms.
Mono: successfully reloaded assembly
- Completed reload, in  0.975 seconds
Platform modules already initialized, skipping
Refreshing native plugins compatible for Editor in 0.25 ms, found 0 plugins.
Preloading 0 native plugins for Editor in 0.00 ms.
Unloading 1208 Unused Serialized files (Serialized files now loaded: 0)
System memory in use before: 66.5 MB.
System memory in use after: 66.6 MB.

Unloading 5 unused Assets to reduce memory usage. Loaded Objects now: 1763.
Total: 2.025200 ms (FindLiveObjects: 0.139800 ms CreateObjectMapping: 0.039700 ms MarkObjects: 1.774200 ms  DeleteObjects: 0.070600 ms)

========================================================================
Received Prepare
Registering precompiled user dll's ...
Registered in 0.000876 seconds.
Begin MonoManager ReloadAssembly
Native extension for WindowsStandalone target not found
Native extension for WebGL target not found
Refreshing native plugins compatible for Editor in 0.23 ms, found 0 plugins.
Preloading 0 native plugins for Editor in 0.00 ms.
Mono: successfully reloaded assembly
- Completed reload, in  1.052 seconds
Platform modules already initialized, skipping
Refreshing native plugins compatible for Editor in 0.27 ms, found 0 plugins.
Preloading 0 native plugins for Editor in 0.00 ms.
Unloading 1208 Unused Serialized files (Serialized files now loaded: 0)
System memory in use before: 66.5 MB.
System memory in use after: 66.6 MB.

Unloading 5 unused Assets to reduce memory usage. Loaded Objects now: 1766.
Total: 2.737100 ms (FindLiveObjects: 0.148100 ms CreateObjectMapping: 0.035900 ms MarkObjects: 2.463400 ms  DeleteObjects: 0.088800 ms)

========================================================================
Received Prepare
Registering precompiled user dll's ...
Registered in 0.001159 seconds.
Begin MonoManager ReloadAssembly
Native extension for WindowsStandalone target not found
Native extension for WebGL target not found
Refreshing native plugins compatible for Editor in 0.23 ms, found 0 plugins.
Preloading 0 native plugins for Editor in 0.00 ms.
Mono: successfully reloaded assembly
- Completed reload, in  0.978 seconds
Platform modules already initialized, skipping
Refreshing native plugins compatible for Editor in 0.27 ms, found 0 plugins.
Preloading 0 native plugins for Editor in 0.00 ms.
Unloading 1208 Unused Serialized files (Serialized files now loaded: 0)
System memory in use before: 66.5 MB.
System memory in use after: 66.6 MB.

Unloading 5 unused Assets to reduce memory usage. Loaded Objects now: 1769.
Total: 1.899000 ms (FindLiveObjects: 0.133700 ms CreateObjectMapping: 0.037800 ms MarkObjects: 1.657200 ms  DeleteObjects: 0.069400 ms)

========================================================================
Received Import Request.
  Time since last request: 1331.078509 seconds.
  path: Assets/Scripts/RepeatBackground.cs
  artifactKey: Guid(06fed0246bf0a184e945c5dbec7c2679) Importer(815301076,1909f56bfc062723c751e8b465ee728b)
Start importing Assets/Scripts/RepeatBackground.cs using Guid(06fed0246bf0a184e945c5dbec7c2679) Importer(815301076,1909f56bfc062723c751e8b465ee728b)  -> (artifact id: '0c7fb6aa69dec52019d90451bfaeede8') in 0.007645 seconds
  Import took 0.010249 seconds .

========================================================================
Received Prepare
Registering precompiled user dll's ...
Registered in 0.001573 seconds.
Begin MonoManager ReloadAssembly
Native extension for WindowsStandalone target not found
Native extension for WebGL target not found
Refreshing native plugins compatible for Editor in 0.27 ms, found 0 plugins.
Preloading 0 native plugins for Editor in 0.00 ms.
Mono: successfully reloaded assembly
- Completed reload, in  1.187 seconds
Platform modules already initialized, skipping
Refreshing native plugins compatible for Editor in 0.41 ms, found 0 plugins.
Preloading 0 native plugins for Editor in 0.00 ms.
Unloading 1208 Unused Serialized files (Serialized files now loaded: 0)
System memory in use before: 66.5 MB.
System memory in use after: 66.6 MB.

Unloading 5 unused Assets to reduce memory usage. Loaded Objects now: 1772.
Total: 2.026000 ms (FindLiveObjects: 0.177800 ms CreateObjectMapping: 0.090100 ms MarkObjects: 1.686300 ms  DeleteObjects: 0.070900 ms)

========================================================================
Received Import Request.
  Time since last request: 29.790002 seconds.
  path: Assets/Scripts/RepeatBackground.cs
  artifactKey: Guid(06fed0246bf0a184e945c5dbec7c2679) Importer(815301076,1909f56bfc062723c751e8b465ee728b)
Start importing Assets/Scripts/RepeatBackground.cs using Guid(06fed0246bf0a184e945c5dbec7c2679) Importer(815301076,1909f56bfc062723c751e8b465ee728b)  -> (artifact id: 'db3bafcaf7d7b264cd15e0a6f8d20212') in 0.006115 seconds
  Import took 0.033886 seconds .

========================================================================
Received Prepare
Registering precompiled user dll's ...
Registered in 0.001435 seconds.
Begin MonoManager ReloadAssembly
Native extension for WindowsStandalone target not found
Native extension for WebGL target not found
Refreshing native plugins compatible for Editor in 0.25 ms, found 0 plugins.
Preloading 0 native plugins for Editor in 0.00 ms.
Mono: successfully reloaded assembly
- Completed reload, in  0.894 seconds
Platform modules already initialized, skipping
Refreshing native plugins compatible for Editor in 0.26 ms, found 0 plugins.
Preloading 0 native plugins for Editor in 0.00 ms.
Unloading 1208 Unused Serialized files (Serialized files now loaded: 0)
System memory in use before: 66.5 MB.
System memory in use after: 66.6 MB.

Unloading 5 unused Assets to reduce memory usage. Loaded Objects now: 1775.
Total: 3.295000 ms (FindLiveObjects: 0.275300 ms CreateObjectMapping: 0.054400 ms MarkObjects: 2.877000 ms  DeleteObjects: 0.086900 ms)

AssetImportWorkerClient::OnTransportError - code=2 error=End of file
